[2026-03-04T15:12:49.285Z] AUTH: Path=/api/auth/user isAuthenticated=true UserID=0ecdae48-7129-4322-bff7-f81376b99f9c Role=employee
[2026-03-04T15:13:35.102Z] AUTH: Path=/api/auth/user isAuthenticated=true UserID=0ecdae48-7129-4322-bff7-f81376b99f9c Role=employee
[2026-03-04T15:13:36.194Z] AUTH: Path=/api/notifications isAuthenticated=true UserID=0ecdae48-7129-4322-bff7-f81376b99f9c Role=employee
[2026-03-04T15:13:36.586Z] AUTH: Path=/api/clients isAuthenticated=true UserID=0ecdae48-7129-4322-bff7-f81376b99f9c Role=employee
[2026-03-04T15:13:36.720Z] AUTH: Path=/api/companies isAuthenticated=true UserID=0ecdae48-7129-4322-bff7-f81376b99f9c Role=employee
[2026-03-04T15:13:36.849Z] AUTH: Path=/api/projects isAuthenticated=true UserID=0ecdae48-7129-4322-bff7-f81376b99f9c Role=employee
[2026-03-04T15:13:57.071Z] AUTH: Path=/api/tasks/my isAuthenticated=true UserID=0ecdae48-7129-4322-bff7-f81376b99f9c Role=employee
[2026-03-04T15:15:00.833Z] AUTH: Path=/api/auth/user isAuthenticated=true UserID=0ecdae48-7129-4322-bff7-f81376b99f9c Role=employee
[2026-03-04T15:15:25.835Z] AUTH: Path=/api/auth/user isAuthenticated=true UserID=f1509517-bfaf-4c64-96f5-ac66dfff5c2b Role=admin
[2026-03-04T15:15:27.155Z] AUTH: Path=/api/dashboard/stats isAuthenticated=true UserID=f1509517-bfaf-4c64-96f5-ac66dfff5c2b Role=admin
[2026-03-04T15:15:27.172Z] AUTH: Path=/api/currency-rate isAuthenticated=true UserID=f1509517-bfaf-4c64-96f5-ac66dfff5c2b Role=admin
[2026-03-04T15:15:27.401Z] AUTH: Path=/api/notifications isAuthenticated=true UserID=f1509517-bfaf-4c64-96f5-ac66dfff5c2b Role=admin
[2026-03-04T15:17:02.539Z] AUTH: Path=/api/companies isAuthenticated=true UserID=f1509517-bfaf-4c64-96f5-ac66dfff5c2b Role=admin
[2026-03-04T15:17:02.793Z] AUTH: Path=/api/clients isAuthenticated=true UserID=f1509517-bfaf-4c64-96f5-ac66dfff5c2b Role=admin
[2026-03-04T15:17:02.826Z] AUTH: Path=/api/projects isAuthenticated=true UserID=f1509517-bfaf-4c64-96f5-ac66dfff5c2b Role=admin
[2026-03-04T15:17:09.450Z] AUTH: Path=/api/projects/2 isAuthenticated=true UserID=f1509517-bfaf-4c64-96f5-ac66dfff5c2b Role=admin
[2026-03-04T15:17:09.467Z] AUTH: Path=/api/projects/2/tasks isAuthenticated=true UserID=f1509517-bfaf-4c64-96f5-ac66dfff5c2b Role=admin
[2026-03-04T15:17:10.481Z] AUTH: Path=/api/employees isAuthenticated=true UserID=f1509517-bfaf-4c64-96f5-ac66dfff5c2b Role=admin
[2026-03-04T15:17:39.686Z] AUTH: Path=/api/employees/0ecdae48-7129-4322-bff7-f81376b99f9c isAuthenticated=true UserID=f1509517-bfaf-4c64-96f5-ac66dfff5c2b Role=admin
[2026-03-04T15:17:39.718Z] AUTH: Path=/api/employees/0ecdae48-7129-4322-bff7-f81376b99f9c/tasks isAuthenticated=true UserID=f1509517-bfaf-4c64-96f5-ac66dfff5c2b Role=admin
[2026-03-04T15:20:52.679Z] AUTH: Path=/api/projects isAuthenticated=true UserID=f1509517-bfaf-4c64-96f5-ac66dfff5c2b Role=admin
[2026-03-04T15:20:54.184Z] AUTH: Path=/api/projects isAuthenticated=true UserID=f1509517-bfaf-4c64-96f5-ac66dfff5c2b Role=admin
[2026-03-04T15:21:07.093Z] AUTH: Path=/api/projects/3 isAuthenticated=true UserID=f1509517-bfaf-4c64-96f5-ac66dfff5c2b Role=admin
[2026-03-04T15:21:07.352Z] AUTH: Path=/api/projects/3/tasks isAuthenticated=true UserID=f1509517-bfaf-4c64-96f5-ac66dfff5c2b Role=admin
[2026-03-04T15:21:08.348Z] AUTH: Path=/api/auth/user isAuthenticated=true UserID=f1509517-bfaf-4c64-96f5-ac66dfff5c2b Role=admin
[2026-03-04T15:22:04.817Z] AUTH: Path=/api/projects/3/tasks isAuthenticated=true UserID=f1509517-bfaf-4c64-96f5-ac66dfff5c2b Role=admin
[2026-03-04T15:22:06.198Z] AUTH: Path=/api/projects/3/tasks isAuthenticated=true UserID=f1509517-bfaf-4c64-96f5-ac66dfff5c2b Role=admin
[2026-03-04T15:22:26.361Z] AUTH: Path=/api/auth/user isAuthenticated=true UserID=f1509517-bfaf-4c64-96f5-ac66dfff5c2b Role=admin
[2026-03-04T15:22:27.747Z] AUTH: Path=/api/notifications isAuthenticated=true UserID=f1509517-bfaf-4c64-96f5-ac66dfff5c2b Role=admin
[2026-03-04T15:22:27.769Z] AUTH: Path=/api/tasks/my isAuthenticated=true UserID=f1509517-bfaf-4c64-96f5-ac66dfff5c2b Role=admin
[2026-03-04T15:22:45.467Z] AUTH: Path=/api/auth/user isAuthenticated=true UserID=f1509517-bfaf-4c64-96f5-ac66dfff5c2b Role=admin
[2026-03-04T15:23:02.016Z] AUTH: Path=/api/auth/user isAuthenticated=true UserID=0ecdae48-7129-4322-bff7-f81376b99f9c Role=employee
[2026-03-04T15:23:11.733Z] AUTH: Path=/api/auth/user isAuthenticated=true UserID=0ecdae48-7129-4322-bff7-f81376b99f9c Role=employee
[2026-03-04T15:23:12.794Z] AUTH: Path=/api/projects isAuthenticated=true UserID=0ecdae48-7129-4322-bff7-f81376b99f9c Role=employee
[2026-03-04T15:23:12.824Z] AUTH: Path=/api/clients isAuthenticated=true UserID=0ecdae48-7129-4322-bff7-f81376b99f9c Role=employee
[2026-03-04T15:23:13.067Z] AUTH: Path=/api/notifications isAuthenticated=true UserID=0ecdae48-7129-4322-bff7-f81376b99f9c Role=employee
[2026-03-04T15:23:13.089Z] AUTH: Path=/api/companies isAuthenticated=true UserID=0ecdae48-7129-4322-bff7-f81376b99f9c Role=employee
[2026-03-04T15:23:17.302Z] AUTH: Path=/api/tasks/my isAuthenticated=true UserID=0ecdae48-7129-4322-bff7-f81376b99f9c Role=employee
[2026-03-04T15:24:00.380Z] AUTH: Path=/api/projects/2/tasks isAuthenticated=true UserID=0ecdae48-7129-4322-bff7-f81376b99f9c Role=employee
[2026-03-04T15:24:00.400Z] AUTH: Path=/api/projects/2 isAuthenticated=true UserID=0ecdae48-7129-4322-bff7-f81376b99f9c Role=employee
[2026-03-04T15:25:05.845Z] AUTH: Path=/api/register-employee isAuthenticated=true UserID=0ecdae48-7129-4322-bff7-f81376b99f9c Role=employee
[2026-03-04T15:33:13.677Z] AUTH: Path=/api/auth/user isAuthenticated=true UserID=0ecdae48-7129-4322-bff7-f81376b99f9c Role=employee
[2026-03-04T15:33:15.988Z] AUTH: Path=/api/auth/user isAuthenticated=true UserID=0ecdae48-7129-4322-bff7-f81376b99f9c Role=employee
[2026-03-04T15:34:48.459Z] AUTH: Path=/api/auth/user isAuthenticated=true UserID=0ecdae48-7129-4322-bff7-f81376b99f9c Role=employee
[2026-03-04T15:35:04.994Z] AUTH: Path=/api/auth/user isAuthenticated=true UserID=f1509517-bfaf-4c64-96f5-ac66dfff5c2b Role=admin
[2026-03-04T15:35:06.135Z] AUTH: Path=/api/auth/user isAuthenticated=true UserID=f1509517-bfaf-4c64-96f5-ac66dfff5c2b Role=admin
[2026-03-04T15:35:06.148Z] AUTH: Path=/api/dashboard/stats isAuthenticated=true UserID=f1509517-bfaf-4c64-96f5-ac66dfff5c2b Role=admin
[2026-03-04T15:35:06.383Z] AUTH: Path=/api/currency-rate isAuthenticated=true UserID=f1509517-bfaf-4c64-96f5-ac66dfff5c2b Role=admin
[2026-03-04T15:35:06.401Z] AUTH: Path=/api/notifications isAuthenticated=true UserID=f1509517-bfaf-4c64-96f5-ac66dfff5c2b Role=admin
[2026-03-04T15:35:10.862Z] AUTH: Path=/api/auth/user isAuthenticated=true UserID=f1509517-bfaf-4c64-96f5-ac66dfff5c2b Role=admin
[2026-03-04T15:35:10.876Z] AUTH: Path=/api/companies isAuthenticated=true UserID=f1509517-bfaf-4c64-96f5-ac66dfff5c2b Role=admin
[2026-03-04T15:35:11.129Z] AUTH: Path=/api/clients isAuthenticated=true UserID=f1509517-bfaf-4c64-96f5-ac66dfff5c2b Role=admin
[2026-03-04T15:35:11.142Z] AUTH: Path=/api/projects isAuthenticated=true UserID=f1509517-bfaf-4c64-96f5-ac66dfff5c2b Role=admin
[2026-03-04T15:35:13.602Z] AUTH: Path=/api/auth/user isAuthenticated=true UserID=f1509517-bfaf-4c64-96f5-ac66dfff5c2b Role=admin
[2026-03-04T15:35:13.619Z] AUTH: Path=/api/employees isAuthenticated=true UserID=f1509517-bfaf-4c64-96f5-ac66dfff5c2b Role=admin
[2026-03-04T15:35:39.925Z] AUTH: Path=/api/register-employee isAuthenticated=true UserID=f1509517-bfaf-4c64-96f5-ac66dfff5c2b Role=admin
[2026-03-04T15:35:41.389Z] AUTH: Path=/api/employees isAuthenticated=true UserID=f1509517-bfaf-4c64-96f5-ac66dfff5c2b Role=admin
[2026-03-04T15:37:09.090Z] AUTH: Path=/api/register-employee isAuthenticated=true UserID=f1509517-bfaf-4c64-96f5-ac66dfff5c2b Role=admin
[2026-03-04T15:37:10.787Z] AUTH: Path=/api/employees isAuthenticated=true UserID=f1509517-bfaf-4c64-96f5-ac66dfff5c2b Role=admin
[2026-03-04T15:37:15.246Z] AUTH: Path=/api/auth/user isAuthenticated=true UserID=f1509517-bfaf-4c64-96f5-ac66dfff5c2b Role=admin
[2026-03-04T15:37:19.460Z] AUTH: Path=/api/auth/user isAuthenticated=true UserID=f1509517-bfaf-4c64-96f5-ac66dfff5c2b Role=admin
[2026-03-04T15:37:20.829Z] AUTH: Path=/api/projects/3 isAuthenticated=true UserID=f1509517-bfaf-4c64-96f5-ac66dfff5c2b Role=admin
[2026-03-04T15:37:24.198Z] AUTH: Path=/api/projects/3/tasks isAuthenticated=true UserID=f1509517-bfaf-4c64-96f5-ac66dfff5c2b Role=admin
[2026-03-04T15:38:03.062Z] AUTH: Path=/api/projects/3/tasks isAuthenticated=true UserID=f1509517-bfaf-4c64-96f5-ac66dfff5c2b Role=admin
[2026-03-04T15:38:04.086Z] AUTH: Path=/api/projects/3/tasks isAuthenticated=true UserID=f1509517-bfaf-4c64-96f5-ac66dfff5c2b Role=admin
[2026-03-04T15:38:16.787Z] AUTH: Path=/api/auth/user isAuthenticated=true UserID=f1509517-bfaf-4c64-96f5-ac66dfff5c2b Role=admin
[2026-03-04T15:38:17.036Z] AUTH: Path=/api/employees/8361ea04-e2cf-41de-9afa-e8a0b12601e2/tasks isAuthenticated=true UserID=f1509517-bfaf-4c64-96f5-ac66dfff5c2b Role=admin
[2026-03-04T15:38:17.856Z] AUTH: Path=/api/employees/8361ea04-e2cf-41de-9afa-e8a0b12601e2 isAuthenticated=true UserID=f1509517-bfaf-4c64-96f5-ac66dfff5c2b Role=admin
[2026-03-04T15:38:33.895Z] AUTH: Path=/api/auth/user isAuthenticated=true UserID=f1509517-bfaf-4c64-96f5-ac66dfff5c2b Role=admin
[2026-03-04T15:38:35.790Z] AUTH: Path=/api/tasks/my isAuthenticated=true UserID=f1509517-bfaf-4c64-96f5-ac66dfff5c2b Role=admin
[2026-03-04T15:38:41.147Z] AUTH: Path=/api/auth/user isAuthenticated=true UserID=f1509517-bfaf-4c64-96f5-ac66dfff5c2b Role=admin
[2026-03-04T15:38:41.761Z] AUTH: Path=/api/invoices isAuthenticated=true UserID=f1509517-bfaf-4c64-96f5-ac66dfff5c2b Role=admin
[2026-03-04T15:38:43.191Z] AUTH: Path=/api/settings/invoice isAuthenticated=true UserID=f1509517-bfaf-4c64-96f5-ac66dfff5c2b Role=admin
[2026-03-04T15:39:00.050Z] AUTH: Path=/api/invoices/3/generate-pdf isAuthenticated=true UserID=f1509517-bfaf-4c64-96f5-ac66dfff5c2b Role=admin
[2026-03-04T15:39:34.190Z] AUTH: Path=/api/invoices/3/pdf isAuthenticated=true UserID=f1509517-bfaf-4c64-96f5-ac66dfff5c2b Role=admin
[2026-03-04T15:40:14.112Z] AUTH: Path=/api/invoices/2/generate-pdf isAuthenticated=true UserID=f1509517-bfaf-4c64-96f5-ac66dfff5c2b Role=admin
[2026-03-04T15:40:26.013Z] AUTH: Path=/api/invoices/2/pdf isAuthenticated=true UserID=f1509517-bfaf-4c64-96f5-ac66dfff5c2b Role=admin
[2026-03-04T15:41:12.392Z] AUTH: Path=/api/invoices/4/generate-pdf isAuthenticated=true UserID=f1509517-bfaf-4c64-96f5-ac66dfff5c2b Role=admin
[2026-03-04T15:41:25.008Z] AUTH: Path=/api/invoices/4/pdf isAuthenticated=true UserID=f1509517-bfaf-4c64-96f5-ac66dfff5c2b Role=admin
[2026-03-04T15:42:29.679Z] AUTH: Path=/api/invoices/next-number isAuthenticated=true UserID=f1509517-bfaf-4c64-96f5-ac66dfff5c2b Role=admin
[2026-03-04T15:46:43.938Z] AUTH: Path=/api/dashboard/stats isAuthenticated=true UserID=f1509517-bfaf-4c64-96f5-ac66dfff5c2b Role=admin
[2026-03-04T15:46:43.963Z] AUTH: Path=/api/auth/user isAuthenticated=true UserID=f1509517-bfaf-4c64-96f5-ac66dfff5c2b Role=admin
[2026-03-04T15:46:44.245Z] AUTH: Path=/api/currency-rate isAuthenticated=true UserID=f1509517-bfaf-4c64-96f5-ac66dfff5c2b Role=admin
[2026-03-04T15:47:06.641Z] AUTH: Path=/api/auth/user isAuthenticated=true UserID=f1509517-bfaf-4c64-96f5-ac66dfff5c2b Role=admin
[2026-03-04T15:57:13.535Z] AUTH: Path=/api/invoices/next-number isAuthenticated=true UserID=f1509517-bfaf-4c64-96f5-ac66dfff5c2b Role=admin
[2026-03-04T16:00:59.402Z] AUTH: Path=/api/invoices isAuthenticated=true UserID=f1509517-bfaf-4c64-96f5-ac66dfff5c2b Role=admin
[2026-03-04T16:01:00.984Z] AUTH: Path=/api/invoices/5/items isAuthenticated=true UserID=f1509517-bfaf-4c64-96f5-ac66dfff5c2b Role=admin
[2026-03-04T16:01:03.860Z] AUTH: Path=/api/invoices isAuthenticated=true UserID=f1509517-bfaf-4c64-96f5-ac66dfff5c2b Role=admin
[2026-03-04T16:01:09.783Z] AUTH: Path=/api/invoices/5/generate-pdf isAuthenticated=true UserID=f1509517-bfaf-4c64-96f5-ac66dfff5c2b Role=admin
[2026-03-04T16:01:21.678Z] AUTH: Path=/api/invoices/5/pdf isAuthenticated=true UserID=f1509517-bfaf-4c64-96f5-ac66dfff5c2b Role=admin
[2026-03-04T16:11:22.080Z] AUTH: Path=/api/auth/user isAuthenticated=true UserID=f1509517-bfaf-4c64-96f5-ac66dfff5c2b Role=admin
[2026-03-04T16:11:23.813Z] AUTH: Path=/api/notifications isAuthenticated=true UserID=f1509517-bfaf-4c64-96f5-ac66dfff5c2b Role=admin
[2026-03-04T16:11:23.832Z] AUTH: Path=/api/auth/user isAuthenticated=true UserID=f1509517-bfaf-4c64-96f5-ac66dfff5c2b Role=admin
[2026-03-04T16:11:24.186Z] AUTH: Path=/api/dashboard/stats isAuthenticated=true UserID=f1509517-bfaf-4c64-96f5-ac66dfff5c2b Role=admin
[2026-03-04T16:11:24.244Z] AUTH: Path=/api/currency-rate isAuthenticated=true UserID=f1509517-bfaf-4c64-96f5-ac66dfff5c2b Role=admin
[2026-03-04T16:14:13.921Z] AUTH: Path=/api/invoices/next-number isAuthenticated=true UserID=f1509517-bfaf-4c64-96f5-ac66dfff5c2b Role=admin
[2026-03-04T16:17:05.610Z] AUTH: Path=/api/invoices isAuthenticated=true UserID=f1509517-bfaf-4c64-96f5-ac66dfff5c2b Role=admin
[2026-03-04T16:17:07.263Z] AUTH: Path=/api/invoices/6/items isAuthenticated=true UserID=f1509517-bfaf-4c64-96f5-ac66dfff5c2b Role=admin
[2026-03-04T16:17:10.319Z] AUTH: Path=/api/invoices isAuthenticated=true UserID=f1509517-bfaf-4c64-96f5-ac66dfff5c2b Role=admin
[2026-03-04T16:17:57.575Z] AUTH: Path=/api/auth/user isAuthenticated=true UserID=f1509517-bfaf-4c64-96f5-ac66dfff5c2b Role=admin
[2026-03-04T16:17:59.041Z] AUTH: Path=/api/invoices isAuthenticated=true UserID=f1509517-bfaf-4c64-96f5-ac66dfff5c2b Role=admin
[2026-03-04T16:17:59.067Z] AUTH: Path=/api/projects isAuthenticated=true UserID=f1509517-bfaf-4c64-96f5-ac66dfff5c2b Role=admin
[2026-03-04T16:17:59.363Z] AUTH: Path=/api/notifications isAuthenticated=true UserID=f1509517-bfaf-4c64-96f5-ac66dfff5c2b Role=admin
[2026-03-04T16:17:59.396Z] AUTH: Path=/api/settings/invoice isAuthenticated=true UserID=f1509517-bfaf-4c64-96f5-ac66dfff5c2b Role=admin
[2026-03-04T16:17:59.663Z] AUTH: Path=/api/auth/user isAuthenticated=true UserID=f1509517-bfaf-4c64-96f5-ac66dfff5c2b Role=admin
[2026-03-04T16:18:15.264Z] AUTH: Path=/api/invoices/6/generate-pdf isAuthenticated=true UserID=f1509517-bfaf-4c64-96f5-ac66dfff5c2b Role=admin
[2026-03-04T16:18:23.032Z] AUTH: Path=/api/invoices/6/pdf isAuthenticated=true UserID=f1509517-bfaf-4c64-96f5-ac66dfff5c2b Role=admin
[2026-03-05T10:36:29.509Z] AUTH: Path=/api/auth/user isAuthenticated=true UserID=f1509517-bfaf-4c64-96f5-ac66dfff5c2b Role=admin
[2026-03-05T10:36:30.651Z] AUTH: Path=/api/auth/user isAuthenticated=true UserID=f1509517-bfaf-4c64-96f5-ac66dfff5c2b Role=admin
[2026-03-05T10:36:30.674Z] AUTH: Path=/api/currency-rate isAuthenticated=true UserID=f1509517-bfaf-4c64-96f5-ac66dfff5c2b Role=admin
[2026-03-05T10:36:30.891Z] AUTH: Path=/api/notifications isAuthenticated=true UserID=f1509517-bfaf-4c64-96f5-ac66dfff5c2b Role=admin
[2026-03-05T10:36:30.937Z] AUTH: Path=/api/dashboard/stats isAuthenticated=true UserID=f1509517-bfaf-4c64-96f5-ac66dfff5c2b Role=admin
[2026-03-05T10:36:39.228Z] AUTH: Path=/api/auth/user isAuthenticated=true UserID=f1509517-bfaf-4c64-96f5-ac66dfff5c2b Role=admin
[2026-03-05T10:36:39.432Z] AUTH: Path=/api/settings/invoice isAuthenticated=true UserID=f1509517-bfaf-4c64-96f5-ac66dfff5c2b Role=admin
[2026-03-05T10:36:39.498Z] AUTH: Path=/api/projects isAuthenticated=true UserID=f1509517-bfaf-4c64-96f5-ac66dfff5c2b Role=admin
[2026-03-05T10:36:39.712Z] AUTH: Path=/api/invoices isAuthenticated=true UserID=f1509517-bfaf-4c64-96f5-ac66dfff5c2b Role=admin
[2026-03-05T10:36:52.784Z] AUTH: Path=/api/invoices/next-number isAuthenticated=true UserID=f1509517-bfaf-4c64-96f5-ac66dfff5c2b Role=admin
