[2026-03-04T15:12:15.182Z] REQ: GET /
[2026-03-04T15:12:33.910Z] REQ: GET /@react-refresh
[2026-03-04T15:12:34.177Z] REQ: GET /@vite/client
[2026-03-04T15:12:35.163Z] REQ: GET /@fs/C:/Users/Firdavs/Desktop/nazorat_system_saydx-main/node_modules/vite/dist/client/env.mjs
[2026-03-04T15:12:36.301Z] REQ: GET /src/main.tsx
[2026-03-04T15:12:37.174Z] REQ: GET /src/App.tsx
[2026-03-04T15:12:37.255Z] REQ: GET /src/index.css
[2026-03-04T15:12:38.100Z] REQ: GET /src/components/ui/tooltip.tsx
[2026-03-04T15:12:38.108Z] REQ: GET /src/hooks/use-auth.ts
[2026-03-04T15:12:38.349Z] REQ: GET /src/pages/not-found.tsx
[2026-03-04T15:12:38.436Z] REQ: GET /src/pages/ProjectDetails.tsx
[2026-03-04T15:12:38.621Z] REQ: GET /src/pages/Dashboard.tsx
[2026-03-04T15:12:38.773Z] REQ: GET /src/lib/queryClient.ts
[2026-03-04T15:12:39.149Z] REQ: GET /src/pages/Finance.tsx
[2026-03-04T15:12:39.263Z] REQ: GET /src/pages/Analytics.tsx
[2026-03-04T15:12:39.810Z] REQ: GET /src/pages/Login.tsx
[2026-03-04T15:12:39.975Z] REQ: GET /src/pages/EmployeeDetails.tsx
[2026-03-04T15:12:40.292Z] REQ: GET /src/components/ui/toaster.tsx
[2026-03-04T15:12:40.379Z] REQ: GET /src/pages/Employees.tsx
[2026-03-04T15:12:40.612Z] REQ: GET /src/pages/Clients.tsx
[2026-03-04T15:12:40.749Z] REQ: GET /src/pages/Calendar.tsx
[2026-03-04T15:12:40.930Z] REQ: GET /src/pages/CompletedProjects.tsx
[2026-03-04T15:12:41.056Z] REQ: GET /src/pages/Invoices.tsx
[2026-03-04T15:12:41.261Z] REQ: GET /src/pages/Projects.tsx
[2026-03-04T15:12:41.411Z] REQ: GET /src/pages/MyTasks.tsx
[2026-03-04T15:12:41.894Z] REQ: GET /src/components/ui/card.tsx
[2026-03-04T15:12:42.036Z] REQ: GET /src/hooks/use-tasks.ts
[2026-03-04T15:12:42.210Z] REQ: GET /src/lib/uz.ts
[2026-03-04T15:12:42.405Z] REQ: GET /src/components/layout/AppLayout.tsx
[2026-03-04T15:12:42.564Z] REQ: GET /src/components/ui/dialog.tsx
[2026-03-04T15:12:42.725Z] REQ: GET /src/components/ui/LoadingSpinner.tsx
[2026-03-04T15:12:42.883Z] REQ: GET /src/components/ui/button.tsx
[2026-03-04T15:12:43.081Z] REQ: GET /src/hooks/use-projects.ts
[2026-03-04T15:12:43.213Z] REQ: GET /src/components/ui/input.tsx
[2026-03-04T15:12:43.371Z] REQ: GET /src/hooks/use-currency.ts
[2026-03-04T15:12:43.539Z] REQ: GET /src/hooks/use-dashboard.ts
[2026-03-04T15:12:43.735Z] REQ: GET /src/lib/utils.ts
[2026-03-04T15:12:43.800Z] REQ: GET /@fs/C:/Users/Firdavs/Desktop/nazorat_system_saydx-main/shared/routes.ts
[2026-03-04T15:12:43.983Z] REQ: GET /src/hooks/use-finance.ts
[2026-03-04T15:12:44.061Z] REQ: GET /src/hooks/use-toast.ts
[2026-03-04T15:12:44.257Z] REQ: GET /src/components/ui/tabs.tsx
[2026-03-04T15:12:44.321Z] REQ: GET /src/components/ui/toast.tsx
[2026-03-04T15:12:44.513Z] REQ: GET /src/hooks/use-clients.ts
[2026-03-04T15:12:44.585Z] REQ: GET /src/hooks/use-companies.ts
[2026-03-04T15:12:44.777Z] REQ: GET /src/components/ui/select.tsx
[2026-03-04T15:12:44.845Z] REQ: GET /src/components/ui/avatar.tsx
[2026-03-04T15:12:45.028Z] REQ: GET /src/components/ui/popover.tsx
[2026-03-04T15:12:45.107Z] REQ: GET /@fs/C:/Users/Firdavs/Desktop/nazorat_system_saydx-main/shared/schema.ts
[2026-03-04T15:12:49.250Z] REQ: GET /logo.png
[2026-03-04T15:12:49.263Z] REQ: GET /api/auth/user
[2026-03-04T15:12:51.533Z] REQ: GET /favicon.svg
[2026-03-04T15:12:56.668Z] REQ: GET /projects
[2026-03-04T15:12:58.923Z] REQ: GET /@vite/client
[2026-03-04T15:12:59.784Z] REQ: GET /@react-refresh
[2026-03-04T15:13:00.104Z] REQ: GET /@fs/C:/Users/Firdavs/Desktop/nazorat_system_saydx-main/node_modules/vite/dist/client/env.mjs
[2026-03-04T15:13:07.358Z] REQ: GET /src/main.tsx
[2026-03-04T15:13:08.384Z] REQ: GET /src/App.tsx
[2026-03-04T15:13:08.634Z] REQ: GET /src/index.css
[2026-03-04T15:13:09.330Z] REQ: GET /src/lib/queryClient.ts
[2026-03-04T15:13:09.793Z] REQ: GET /src/components/ui/tooltip.tsx
[2026-03-04T15:13:09.801Z] REQ: GET /src/components/ui/toaster.tsx
[2026-03-04T15:13:18.049Z] REQ: GET /src/pages/ProjectDetails.tsx
[2026-03-04T15:13:19.405Z] REQ: GET /src/pages/Dashboard.tsx
[2026-03-04T15:13:19.416Z] REQ: GET /src/pages/not-found.tsx
[2026-03-04T15:13:19.763Z] REQ: GET /src/pages/Finance.tsx
[2026-03-04T15:13:22.640Z] REQ: GET /src/hooks/use-auth.ts
[2026-03-04T15:13:22.652Z] REQ: GET /src/pages/Projects.tsx
[2026-03-04T15:13:23.409Z] REQ: GET /src/pages/CompletedProjects.tsx
[2026-03-04T15:13:23.785Z] REQ: GET /src/pages/Clients.tsx
[2026-03-04T15:13:23.791Z] REQ: GET /src/pages/Invoices.tsx
[2026-03-04T15:13:24.109Z] REQ: GET /src/pages/Calendar.tsx
[2026-03-04T15:13:24.117Z] REQ: GET /src/pages/Analytics.tsx
[2026-03-04T15:13:24.430Z] REQ: GET /src/pages/Login.tsx
[2026-03-04T15:13:24.439Z] REQ: GET /src/pages/Employees.tsx
[2026-03-04T15:13:24.744Z] REQ: GET /src/pages/EmployeeDetails.tsx
[2026-03-04T15:13:24.776Z] REQ: GET /src/pages/MyTasks.tsx
[2026-03-04T15:13:25.064Z] REQ: GET /src/lib/utils.ts
[2026-03-04T15:13:25.089Z] REQ: GET /src/hooks/use-toast.ts
[2026-03-04T15:13:25.388Z] REQ: GET /src/components/layout/AppLayout.tsx
[2026-03-04T15:13:25.448Z] REQ: GET /src/components/ui/toast.tsx
[2026-03-04T15:13:25.793Z] REQ: GET /src/hooks/use-projects.ts
[2026-03-04T15:13:25.798Z] REQ: GET /src/hooks/use-tasks.ts
[2026-03-04T15:13:26.715Z] REQ: GET /src/components/ui/button.tsx
[2026-03-04T15:13:26.746Z] REQ: GET /src/components/ui/LoadingSpinner.tsx
[2026-03-04T15:13:28.232Z] REQ: GET /src/components/ui/input.tsx
[2026-03-04T15:13:28.270Z] REQ: GET /src/components/ui/dialog.tsx
[2026-03-04T15:13:32.179Z] REQ: GET /src/lib/uz.ts
[2026-03-04T15:13:32.193Z] REQ: GET /src/hooks/use-dashboard.ts
[2026-03-04T15:13:32.485Z] REQ: GET /@fs/C:/Users/Firdavs/Desktop/nazorat_system_saydx-main/shared/routes.ts
[2026-03-04T15:13:32.507Z] REQ: GET /src/hooks/use-currency.ts
[2026-03-04T15:13:32.797Z] REQ: GET /src/components/ui/card.tsx
[2026-03-04T15:13:32.833Z] REQ: GET /src/hooks/use-finance.ts
[2026-03-04T15:13:33.135Z] REQ: GET /src/hooks/use-clients.ts
[2026-03-04T15:13:33.180Z] REQ: GET /src/hooks/use-companies.ts
[2026-03-04T15:13:33.391Z] REQ: GET /src/components/ui/select.tsx
[2026-03-04T15:13:33.440Z] REQ: GET /src/components/ui/tabs.tsx
[2026-03-04T15:13:33.639Z] REQ: GET /src/components/ui/avatar.tsx
[2026-03-04T15:13:33.704Z] REQ: GET /src/components/ui/popover.tsx
[2026-03-04T15:13:33.891Z] REQ: GET /@fs/C:/Users/Firdavs/Desktop/nazorat_system_saydx-main/shared/schema.ts
[2026-03-04T15:13:35.093Z] REQ: GET /api/auth/user
[2026-03-04T15:13:35.108Z] REQ: GET /logo.png
[2026-03-04T15:13:36.187Z] REQ: GET /api/notifications
[2026-03-04T15:13:36.576Z] REQ: GET /api/clients
[2026-03-04T15:13:36.707Z] REQ: GET /api/companies
[2026-03-04T15:13:36.838Z] REQ: GET /api/projects
[2026-03-04T15:13:37.396Z] REQ: GET /logo.png
[2026-03-04T15:13:57.063Z] REQ: GET /api/tasks/my
[2026-03-04T15:14:46.240Z] REQ: GET /
[2026-03-04T15:14:47.814Z] REQ: GET /src/main.tsx
[2026-03-04T15:14:48.914Z] REQ: GET /src/App.tsx
[2026-03-04T15:14:49.211Z] REQ: GET /@vite/client
[2026-03-04T15:14:49.737Z] REQ: GET /src/index.css
[2026-03-04T15:14:49.986Z] REQ: GET /login
[2026-03-04T15:14:50.341Z] REQ: GET /src/lib/queryClient.ts
[2026-03-04T15:14:51.026Z] REQ: GET /src/main.tsx
[2026-03-04T15:14:51.356Z] REQ: GET /@vite/client
[2026-03-04T15:14:51.691Z] REQ: GET /@react-refresh
[2026-03-04T15:14:51.723Z] REQ: GET /@react-refresh
[2026-03-04T15:14:52.111Z] REQ: GET /src/App.tsx
[2026-03-04T15:14:52.117Z] REQ: GET /src/index.css
[2026-03-04T15:14:52.471Z] REQ: GET /@fs/C:/Users/Firdavs/Desktop/nazorat_system_saydx-main/node_modules/vite/dist/client/env.mjs
[2026-03-04T15:14:53.156Z] REQ: GET /src/lib/queryClient.ts
[2026-03-04T15:14:53.201Z] REQ: GET /src/components/ui/tooltip.tsx
[2026-03-04T15:14:53.412Z] REQ: GET /src/components/ui/toaster.tsx
[2026-03-04T15:14:53.492Z] REQ: GET /src/pages/Dashboard.tsx
[2026-03-04T15:14:54.332Z] REQ: GET /src/pages/Projects.tsx
[2026-03-04T15:14:54.366Z] REQ: GET /src/pages/CompletedProjects.tsx
[2026-03-04T15:14:54.665Z] REQ: GET /src/pages/ProjectDetails.tsx
[2026-03-04T15:14:54.702Z] REQ: GET /src/hooks/use-auth.ts
[2026-03-04T15:14:54.988Z] REQ: GET /src/pages/Finance.tsx
[2026-03-04T15:14:55.089Z] REQ: GET /src/pages/not-found.tsx
[2026-03-04T15:14:55.320Z] REQ: GET /src/pages/Invoices.tsx
[2026-03-04T15:14:55.390Z] REQ: GET /src/pages/Clients.tsx
[2026-03-04T15:14:55.643Z] REQ: GET /src/pages/Analytics.tsx
[2026-03-04T15:14:55.732Z] REQ: GET /src/pages/Calendar.tsx
[2026-03-04T15:14:55.975Z] REQ: GET /src/pages/Login.tsx
[2026-03-04T15:14:56.065Z] REQ: GET /src/pages/Employees.tsx
[2026-03-04T15:14:56.291Z] REQ: GET /src/pages/EmployeeDetails.tsx
[2026-03-04T15:14:56.371Z] REQ: GET /src/pages/MyTasks.tsx
[2026-03-04T15:14:56.618Z] REQ: GET /src/lib/utils.ts
[2026-03-04T15:14:56.640Z] REQ: GET /src/hooks/use-toast.ts
[2026-03-04T15:14:56.876Z] REQ: GET /src/components/ui/toast.tsx
[2026-03-04T15:14:56.898Z] REQ: GET /src/hooks/use-dashboard.ts
[2026-03-04T15:14:57.161Z] REQ: GET /src/components/layout/AppLayout.tsx
[2026-03-04T15:14:57.170Z] REQ: GET /src/hooks/use-currency.ts
[2026-03-04T15:14:57.414Z] REQ: GET /src/components/ui/button.tsx
[2026-03-04T15:14:57.738Z] REQ: GET /src/components/ui/LoadingSpinner.tsx
[2026-03-04T15:14:57.993Z] REQ: GET /src/hooks/use-projects.ts
[2026-03-04T15:14:58.026Z] REQ: GET /src/hooks/use-clients.ts
[2026-03-04T15:14:58.291Z] REQ: GET /src/components/ui/dialog.tsx
[2026-03-04T15:14:58.367Z] REQ: GET /src/hooks/use-companies.ts
[2026-03-04T15:14:58.556Z] REQ: GET /src/components/ui/input.tsx
[2026-03-04T15:14:58.651Z] REQ: GET /src/components/ui/select.tsx
[2026-03-04T15:14:58.817Z] REQ: GET /src/lib/uz.ts
[2026-03-04T15:14:58.901Z] REQ: GET /src/hooks/use-tasks.ts
[2026-03-04T15:14:59.094Z] REQ: GET /@fs/C:/Users/Firdavs/Desktop/nazorat_system_saydx-main/shared/routes.ts
[2026-03-04T15:14:59.165Z] REQ: GET /src/hooks/use-finance.ts
[2026-03-04T15:14:59.337Z] REQ: GET /src/components/ui/card.tsx
[2026-03-04T15:14:59.433Z] REQ: GET /src/components/ui/tabs.tsx
[2026-03-04T15:14:59.616Z] REQ: GET /src/components/ui/avatar.tsx
[2026-03-04T15:14:59.687Z] REQ: GET /src/components/ui/popover.tsx
[2026-03-04T15:14:59.884Z] REQ: GET /@fs/C:/Users/Firdavs/Desktop/nazorat_system_saydx-main/shared/schema.ts
[2026-03-04T15:15:00.814Z] REQ: GET /logo.png
[2026-03-04T15:15:00.824Z] REQ: GET /api/auth/user
[2026-03-04T15:15:12.089Z] REQ: GET /
[2026-03-04T15:15:12.872Z] REQ: GET /src/main.tsx
[2026-03-04T15:15:13.654Z] REQ: GET /src/App.tsx
[2026-03-04T15:15:14.028Z] REQ: GET /@react-refresh
[2026-03-04T15:15:14.454Z] REQ: GET /src/lib/queryClient.ts
[2026-03-04T15:15:14.714Z] REQ: GET /src/index.css
[2026-03-04T15:15:14.991Z] REQ: GET /src/components/ui/tooltip.tsx
[2026-03-04T15:15:15.262Z] REQ: GET /src/components/ui/toaster.tsx
[2026-03-04T15:15:15.486Z] REQ: GET /@vite/client
[2026-03-04T15:15:15.563Z] REQ: GET /src/hooks/use-auth.ts
[2026-03-04T15:15:15.748Z] REQ: GET /src/pages/not-found.tsx
[2026-03-04T15:15:16.137Z] REQ: GET /src/pages/Projects.tsx
[2026-03-04T15:15:16.153Z] REQ: GET /src/pages/Dashboard.tsx
[2026-03-04T15:15:16.474Z] REQ: GET /src/pages/CompletedProjects.tsx
[2026-03-04T15:15:16.807Z] REQ: GET /src/pages/ProjectDetails.tsx
[2026-03-04T15:15:16.819Z] REQ: GET /src/pages/Finance.tsx
[2026-03-04T15:15:17.137Z] REQ: GET /src/pages/Invoices.tsx
[2026-03-04T15:15:17.155Z] REQ: GET /src/pages/Clients.tsx
[2026-03-04T15:15:17.457Z] REQ: GET /src/pages/Analytics.tsx
[2026-03-04T15:15:17.788Z] REQ: GET /src/pages/Login.tsx
[2026-03-04T15:15:17.808Z] REQ: GET /src/pages/Calendar.tsx
[2026-03-04T15:15:18.107Z] REQ: GET /src/pages/Employees.tsx
[2026-03-04T15:15:18.154Z] REQ: GET /src/pages/EmployeeDetails.tsx
[2026-03-04T15:15:18.754Z] REQ: GET /src/lib/utils.ts
[2026-03-04T15:15:18.759Z] REQ: GET /src/pages/MyTasks.tsx
[2026-03-04T15:15:19.071Z] REQ: GET /src/hooks/use-toast.ts
[2026-03-04T15:15:19.088Z] REQ: GET /src/components/ui/toast.tsx
[2026-03-04T15:15:19.331Z] REQ: GET /@fs/C:/Users/Firdavs/Desktop/nazorat_system_saydx-main/node_modules/vite/dist/client/env.mjs
[2026-03-04T15:15:19.595Z] REQ: GET /src/components/ui/card.tsx
[2026-03-04T15:15:19.615Z] REQ: GET /src/hooks/use-dashboard.ts
[2026-03-04T15:15:19.842Z] REQ: GET /src/hooks/use-currency.ts
[2026-03-04T15:15:19.865Z] REQ: GET /src/components/layout/AppLayout.tsx
[2026-03-04T15:15:20.157Z] REQ: GET /src/components/ui/LoadingSpinner.tsx
[2026-03-04T15:15:20.215Z] REQ: GET /src/components/ui/button.tsx
[2026-03-04T15:15:20.508Z] REQ: GET /src/lib/uz.ts
[2026-03-04T15:15:20.546Z] REQ: GET /src/hooks/use-projects.ts
[2026-03-04T15:15:20.830Z] REQ: GET /@fs/C:/Users/Firdavs/Desktop/nazorat_system_saydx-main/shared/routes.ts
[2026-03-04T15:15:20.879Z] REQ: GET /src/hooks/use-finance.ts
[2026-03-04T15:15:21.144Z] REQ: GET /src/components/ui/dialog.tsx
[2026-03-04T15:15:21.488Z] REQ: GET /src/hooks/use-tasks.ts
[2026-03-04T15:15:21.508Z] REQ: GET /src/components/ui/input.tsx
[2026-03-04T15:15:21.842Z] REQ: GET /src/hooks/use-companies.ts
[2026-03-04T15:15:21.854Z] REQ: GET /src/hooks/use-clients.ts
[2026-03-04T15:15:22.173Z] REQ: GET /src/components/ui/select.tsx
[2026-03-04T15:15:22.389Z] REQ: GET /src/components/ui/tabs.tsx
[2026-03-04T15:15:22.891Z] REQ: GET /src/components/ui/avatar.tsx
[2026-03-04T15:15:22.903Z] REQ: GET /src/components/ui/popover.tsx
[2026-03-04T15:15:23.528Z] REQ: GET /@fs/C:/Users/Firdavs/Desktop/nazorat_system_saydx-main/shared/schema.ts
[2026-03-04T15:15:24.645Z] REQ: GET /logo.png
[2026-03-04T15:15:25.816Z] REQ: GET /api/auth/user
[2026-03-04T15:15:27.145Z] REQ: GET /api/dashboard/stats
[2026-03-04T15:15:27.164Z] REQ: GET /api/currency-rate
[2026-03-04T15:15:27.391Z] REQ: GET /api/notifications
[2026-03-04T15:16:55.757Z] REQ: GET /api/companies
[2026-03-04T15:17:02.778Z] REQ: GET /api/clients
[2026-03-04T15:17:02.803Z] REQ: GET /api/projects
[2026-03-04T15:17:09.441Z] REQ: GET /api/projects/2
[2026-03-04T15:17:09.458Z] REQ: GET /api/projects/2/tasks
[2026-03-04T15:17:10.471Z] REQ: GET /api/employees
[2026-03-04T15:17:10.515Z] REQ: GET /logo.png
[2026-03-04T15:17:35.634Z] REQ: GET /api/employees/0ecdae48-7129-4322-bff7-f81376b99f9c
[2026-03-04T15:17:39.698Z] REQ: GET /api/employees/0ecdae48-7129-4322-bff7-f81376b99f9c/tasks
[2026-03-04T15:20:52.672Z] REQ: POST /api/projects
[2026-03-04T15:20:54.175Z] REQ: GET /api/projects
[2026-03-04T15:21:07.084Z] REQ: GET /api/projects/3
[2026-03-04T15:21:07.344Z] REQ: GET /api/projects/3/tasks
[2026-03-04T15:21:08.337Z] REQ: GET /api/auth/user
[2026-03-04T15:22:04.809Z] REQ: POST /api/projects/3/tasks
[2026-03-04T15:22:06.189Z] REQ: GET /api/projects/3/tasks
[2026-03-04T15:22:13.233Z] REQ: GET /tasks
[2026-03-04T15:22:14.018Z] REQ: GET /@vite/client
[2026-03-04T15:22:15.316Z] REQ: GET /src/main.tsx
[2026-03-04T15:22:15.577Z] REQ: GET /@react-refresh
[2026-03-04T15:22:16.116Z] REQ: GET /src/App.tsx
[2026-03-04T15:22:16.398Z] REQ: GET /src/index.css
[2026-03-04T15:22:17.094Z] REQ: GET /@fs/C:/Users/Firdavs/Desktop/nazorat_system_saydx-main/node_modules/vite/dist/client/env.mjs
[2026-03-04T15:22:17.115Z] REQ: GET /src/lib/queryClient.ts
[2026-03-04T15:22:17.364Z] REQ: GET /src/components/ui/toaster.tsx
[2026-03-04T15:22:17.377Z] REQ: GET /src/components/ui/tooltip.tsx
[2026-03-04T15:22:17.625Z] REQ: GET /src/pages/not-found.tsx
[2026-03-04T15:22:17.636Z] REQ: GET /src/hooks/use-auth.ts
[2026-03-04T15:22:17.905Z] REQ: GET /src/pages/Dashboard.tsx
[2026-03-04T15:22:18.148Z] REQ: GET /src/pages/Projects.tsx
[2026-03-04T15:22:18.168Z] REQ: GET /src/pages/CompletedProjects.tsx
[2026-03-04T15:22:18.440Z] REQ: GET /src/pages/ProjectDetails.tsx
[2026-03-04T15:22:18.674Z] REQ: GET /src/pages/Finance.tsx
[2026-03-04T15:22:18.909Z] REQ: GET /src/pages/Invoices.tsx
[2026-03-04T15:22:18.934Z] REQ: GET /src/pages/Analytics.tsx
[2026-03-04T15:22:19.247Z] REQ: GET /src/pages/Calendar.tsx
[2026-03-04T15:22:19.444Z] REQ: GET /src/pages/Clients.tsx
[2026-03-04T15:22:19.511Z] REQ: GET /src/pages/Login.tsx
[2026-03-04T15:22:19.732Z] REQ: GET /src/pages/Employees.tsx
[2026-03-04T15:22:19.772Z] REQ: GET /src/pages/EmployeeDetails.tsx
[2026-03-04T15:22:20.048Z] REQ: GET /src/pages/MyTasks.tsx
[2026-03-04T15:22:20.065Z] REQ: GET /src/hooks/use-toast.ts
[2026-03-04T15:22:20.332Z] REQ: GET /src/components/ui/toast.tsx
[2026-03-04T15:22:20.341Z] REQ: GET /src/lib/utils.ts
[2026-03-04T15:22:20.603Z] REQ: GET /src/hooks/use-currency.ts
[2026-03-04T15:22:20.619Z] REQ: GET /src/components/layout/AppLayout.tsx
[2026-03-04T15:22:20.859Z] REQ: GET /src/components/ui/LoadingSpinner.tsx
[2026-03-04T15:22:20.892Z] REQ: GET /src/components/ui/button.tsx
[2026-03-04T15:22:21.119Z] REQ: GET /src/hooks/use-dashboard.ts
[2026-03-04T15:22:21.163Z] REQ: GET /src/hooks/use-projects.ts
[2026-03-04T15:22:21.383Z] REQ: GET /src/hooks/use-clients.ts
[2026-03-04T15:22:21.440Z] REQ: GET /src/components/ui/dialog.tsx
[2026-03-04T15:22:21.637Z] REQ: GET /src/components/ui/input.tsx
[2026-03-04T15:22:21.703Z] REQ: GET /src/components/ui/select.tsx
[2026-03-04T15:22:21.905Z] REQ: GET /src/lib/uz.ts
[2026-03-04T15:22:21.992Z] REQ: GET /src/hooks/use-companies.ts
[2026-03-04T15:22:22.178Z] REQ: GET /src/hooks/use-tasks.ts
[2026-03-04T15:22:22.261Z] REQ: GET /@fs/C:/Users/Firdavs/Desktop/nazorat_system_saydx-main/shared/routes.ts
[2026-03-04T15:22:22.453Z] REQ: GET /src/hooks/use-finance.ts
[2026-03-04T15:22:23.089Z] REQ: GET /src/components/ui/tabs.tsx
[2026-03-04T15:22:23.187Z] REQ: GET /src/components/ui/card.tsx
[2026-03-04T15:22:23.409Z] REQ: GET /src/components/ui/popover.tsx
[2026-03-04T15:22:23.507Z] REQ: GET /src/components/ui/avatar.tsx
[2026-03-04T15:22:23.870Z] REQ: GET /@fs/C:/Users/Firdavs/Desktop/nazorat_system_saydx-main/shared/schema.ts
[2026-03-04T15:22:26.348Z] REQ: GET /api/auth/user
[2026-03-04T15:22:26.367Z] REQ: GET /logo.png
[2026-03-04T15:22:27.345Z] REQ: GET /favicon.svg
[2026-03-04T15:22:27.722Z] REQ: GET /api/notifications
[2026-03-04T15:22:27.759Z] REQ: GET /api/tasks/my
[2026-03-04T15:22:31.831Z] REQ: GET /login
[2026-03-04T15:22:32.562Z] REQ: GET /@vite/client
[2026-03-04T15:22:32.572Z] REQ: GET /src/main.tsx
[2026-03-04T15:22:32.882Z] REQ: GET /@react-refresh
[2026-03-04T15:22:33.505Z] REQ: GET /@fs/C:/Users/Firdavs/Desktop/nazorat_system_saydx-main/node_modules/vite/dist/client/env.mjs
[2026-03-04T15:22:33.572Z] REQ: GET /src/index.css
[2026-03-04T15:22:33.767Z] REQ: GET /src/App.tsx
[2026-03-04T15:22:34.571Z] REQ: GET /src/components/ui/toaster.tsx
[2026-03-04T15:22:34.575Z] REQ: GET /src/lib/queryClient.ts
[2026-03-04T15:22:34.895Z] REQ: GET /src/hooks/use-auth.ts
[2026-03-04T15:22:34.907Z] REQ: GET /src/components/ui/tooltip.tsx
[2026-03-04T15:22:35.304Z] REQ: GET /src/pages/Dashboard.tsx
[2026-03-04T15:22:35.318Z] REQ: GET /src/pages/not-found.tsx
[2026-03-04T15:22:35.649Z] REQ: GET /src/pages/Projects.tsx
[2026-03-04T15:22:35.855Z] REQ: GET /src/pages/ProjectDetails.tsx
[2026-03-04T15:22:36.340Z] REQ: GET /src/pages/Invoices.tsx
[2026-03-04T15:22:36.563Z] REQ: GET /src/pages/Finance.tsx
[2026-03-04T15:22:36.660Z] REQ: GET /src/pages/Clients.tsx
[2026-03-04T15:22:36.893Z] REQ: GET /src/pages/CompletedProjects.tsx
[2026-03-04T15:22:37.010Z] REQ: GET /src/pages/Analytics.tsx
[2026-03-04T15:22:37.336Z] REQ: GET /src/pages/Login.tsx
[2026-03-04T15:22:37.514Z] REQ: GET /src/pages/Calendar.tsx
[2026-03-04T15:22:37.653Z] REQ: GET /src/pages/EmployeeDetails.tsx
[2026-03-04T15:22:37.865Z] REQ: GET /src/pages/Employees.tsx
[2026-03-04T15:22:37.973Z] REQ: GET /src/pages/MyTasks.tsx
[2026-03-04T15:22:38.197Z] REQ: GET /src/hooks/use-toast.ts
[2026-03-04T15:22:38.292Z] REQ: GET /src/components/ui/toast.tsx
[2026-03-04T15:22:38.516Z] REQ: GET /src/lib/utils.ts
[2026-03-04T15:22:39.840Z] REQ: GET /src/hooks/use-dashboard.ts
[2026-03-04T15:22:40.045Z] REQ: GET /src/hooks/use-currency.ts
[2026-03-04T15:22:40.151Z] REQ: GET /src/components/layout/AppLayout.tsx
[2026-03-04T15:22:40.371Z] REQ: GET /src/components/ui/LoadingSpinner.tsx
[2026-03-04T15:22:40.697Z] REQ: GET /src/components/ui/card.tsx
[2026-03-04T15:22:40.794Z] REQ: GET /src/components/ui/button.tsx
[2026-03-04T15:22:41.012Z] REQ: GET /src/hooks/use-clients.ts
[2026-03-04T15:22:41.138Z] REQ: GET /src/hooks/use-projects.ts
[2026-03-04T15:22:41.332Z] REQ: GET /src/hooks/use-companies.ts
[2026-03-04T15:22:41.460Z] REQ: GET /src/components/ui/dialog.tsx
[2026-03-04T15:22:41.653Z] REQ: GET /src/components/ui/input.tsx
[2026-03-04T15:22:41.780Z] REQ: GET /src/components/ui/select.tsx
[2026-03-04T15:22:41.988Z] REQ: GET /src/lib/uz.ts
[2026-03-04T15:22:42.110Z] REQ: GET /src/hooks/use-tasks.ts
[2026-03-04T15:22:42.321Z] REQ: GET /src/hooks/use-finance.ts
[2026-03-04T15:22:42.429Z] REQ: GET /@fs/C:/Users/Firdavs/Desktop/nazorat_system_saydx-main/shared/routes.ts
[2026-03-04T15:22:42.956Z] REQ: GET /src/components/ui/tabs.tsx
[2026-03-04T15:22:43.062Z] REQ: GET /src/components/ui/avatar.tsx
[2026-03-04T15:22:43.597Z] REQ: GET /src/components/ui/popover.tsx
[2026-03-04T15:22:43.699Z] REQ: GET /@fs/C:/Users/Firdavs/Desktop/nazorat_system_saydx-main/shared/schema.ts
[2026-03-04T15:22:45.442Z] REQ: GET /logo.png
[2026-03-04T15:22:45.453Z] REQ: GET /api/auth/user
[2026-03-04T15:22:52.310Z] REQ: GET /
[2026-03-04T15:22:53.086Z] REQ: GET /src/main.tsx
[2026-03-04T15:22:53.164Z] REQ: GET /@react-refresh
[2026-03-04T15:22:53.346Z] REQ: GET /@vite/client
[2026-03-04T15:22:54.520Z] REQ: GET /src/index.css
[2026-03-04T15:22:54.529Z] REQ: GET /src/App.tsx
[2026-03-04T15:22:54.796Z] REQ: GET /@fs/C:/Users/Firdavs/Desktop/nazorat_system_saydx-main/node_modules/vite/dist/client/env.mjs
[2026-03-04T15:22:55.350Z] REQ: GET /src/lib/queryClient.ts
[2026-03-04T15:22:55.356Z] REQ: GET /src/components/ui/toaster.tsx
[2026-03-04T15:22:55.622Z] REQ: GET /src/hooks/use-auth.ts
[2026-03-04T15:22:55.666Z] REQ: GET /src/pages/not-found.tsx
[2026-03-04T15:22:55.879Z] REQ: GET /src/pages/Dashboard.tsx
[2026-03-04T15:22:56.134Z] REQ: GET /src/pages/Projects.tsx
[2026-03-04T15:22:56.391Z] REQ: GET /src/pages/CompletedProjects.tsx
[2026-03-04T15:22:56.423Z] REQ: GET /src/components/ui/tooltip.tsx
[2026-03-04T15:22:56.652Z] REQ: GET /src/pages/ProjectDetails.tsx
[2026-03-04T15:22:56.693Z] REQ: GET /src/pages/Finance.tsx
[2026-03-04T15:22:56.910Z] REQ: GET /src/pages/Invoices.tsx
[2026-03-04T15:22:57.129Z] REQ: GET /src/pages/Clients.tsx
[2026-03-04T15:22:57.175Z] REQ: GET /src/pages/Analytics.tsx
[2026-03-04T15:22:57.398Z] REQ: GET /src/pages/Calendar.tsx
[2026-03-04T15:22:57.443Z] REQ: GET /src/pages/Login.tsx
[2026-03-04T15:22:57.681Z] REQ: GET /src/pages/Employees.tsx
[2026-03-04T15:22:57.719Z] REQ: GET /src/pages/EmployeeDetails.tsx
[2026-03-04T15:22:57.940Z] REQ: GET /src/pages/MyTasks.tsx
[2026-03-04T15:22:57.985Z] REQ: GET /src/components/ui/card.tsx
[2026-03-04T15:22:58.202Z] REQ: GET /src/hooks/use-dashboard.ts
[2026-03-04T15:22:58.244Z] REQ: GET /src/hooks/use-currency.ts
[2026-03-04T15:22:58.479Z] REQ: GET /src/components/layout/AppLayout.tsx
[2026-03-04T15:22:58.505Z] REQ: GET /src/components/ui/LoadingSpinner.tsx
[2026-03-04T15:22:58.744Z] REQ: GET /src/components/ui/button.tsx
[2026-03-04T15:22:58.766Z] REQ: GET /src/hooks/use-projects.ts
[2026-03-04T15:22:59.010Z] REQ: GET /src/hooks/use-clients.ts
[2026-03-04T15:22:59.025Z] REQ: GET /src/hooks/use-companies.ts
[2026-03-04T15:22:59.271Z] REQ: GET /src/components/ui/dialog.tsx
[2026-03-04T15:22:59.285Z] REQ: GET /src/components/ui/input.tsx
[2026-03-04T15:22:59.536Z] REQ: GET /src/components/ui/select.tsx
[2026-03-04T15:22:59.544Z] REQ: GET /src/lib/uz.ts
[2026-03-04T15:22:59.797Z] REQ: GET /src/hooks/use-toast.ts
[2026-03-04T15:22:59.807Z] REQ: GET /src/components/ui/toast.tsx
[2026-03-04T15:23:00.073Z] REQ: GET /src/lib/utils.ts
[2026-03-04T15:23:00.080Z] REQ: GET /src/hooks/use-tasks.ts
[2026-03-04T15:23:00.341Z] REQ: GET /@fs/C:/Users/Firdavs/Desktop/nazorat_system_saydx-main/shared/routes.ts
[2026-03-04T15:23:00.353Z] REQ: GET /src/hooks/use-finance.ts
[2026-03-04T15:23:00.607Z] REQ: GET /src/components/ui/tabs.tsx
[2026-03-04T15:23:00.627Z] REQ: GET /src/components/ui/avatar.tsx
[2026-03-04T15:23:00.887Z] REQ: GET /src/components/ui/popover.tsx
[2026-03-04T15:23:01.142Z] REQ: GET /@fs/C:/Users/Firdavs/Desktop/nazorat_system_saydx-main/shared/schema.ts
[2026-03-04T15:23:01.990Z] REQ: GET /logo.png
[2026-03-04T15:23:02.000Z] REQ: GET /api/auth/user
[2026-03-04T15:23:03.109Z] REQ: GET /projects
[2026-03-04T15:23:03.702Z] REQ: GET /src/main.tsx
[2026-03-04T15:23:03.735Z] REQ: GET /@vite/client
[2026-03-04T15:23:03.937Z] REQ: GET /@react-refresh
[2026-03-04T15:23:04.494Z] REQ: GET /src/index.css
[2026-03-04T15:23:04.499Z] REQ: GET /src/App.tsx
[2026-03-04T15:23:04.771Z] REQ: GET /@fs/C:/Users/Firdavs/Desktop/nazorat_system_saydx-main/node_modules/vite/dist/client/env.mjs
[2026-03-04T15:23:05.305Z] REQ: GET /src/components/ui/toaster.tsx
[2026-03-04T15:23:05.316Z] REQ: GET /src/components/ui/tooltip.tsx
[2026-03-04T15:23:05.582Z] REQ: GET /src/lib/queryClient.ts
[2026-03-04T15:23:05.592Z] REQ: GET /src/hooks/use-auth.ts
[2026-03-04T15:23:05.841Z] REQ: GET /src/pages/Dashboard.tsx
[2026-03-04T15:23:06.080Z] REQ: GET /src/pages/Projects.tsx
[2026-03-04T15:23:06.119Z] REQ: GET /src/pages/CompletedProjects.tsx
[2026-03-04T15:23:06.352Z] REQ: GET /src/pages/not-found.tsx
[2026-03-04T15:23:06.381Z] REQ: GET /src/pages/ProjectDetails.tsx
[2026-03-04T15:23:06.611Z] REQ: GET /src/pages/Finance.tsx
[2026-03-04T15:23:06.653Z] REQ: GET /src/pages/Invoices.tsx
[2026-03-04T15:23:06.895Z] REQ: GET /src/pages/Clients.tsx
[2026-03-04T15:23:06.901Z] REQ: GET /src/pages/Analytics.tsx
[2026-03-04T15:23:07.170Z] REQ: GET /src/pages/Calendar.tsx
[2026-03-04T15:23:07.181Z] REQ: GET /src/pages/Login.tsx
[2026-03-04T15:23:07.434Z] REQ: GET /src/pages/Employees.tsx
[2026-03-04T15:23:07.447Z] REQ: GET /src/pages/EmployeeDetails.tsx
[2026-03-04T15:23:07.710Z] REQ: GET /src/pages/MyTasks.tsx
[2026-03-04T15:23:07.719Z] REQ: GET /src/hooks/use-toast.ts
[2026-03-04T15:23:07.973Z] REQ: GET /src/lib/utils.ts
[2026-03-04T15:23:07.982Z] REQ: GET /src/components/ui/toast.tsx
[2026-03-04T15:23:08.241Z] REQ: GET /src/hooks/use-currency.ts
[2026-03-04T15:23:08.246Z] REQ: GET /src/hooks/use-dashboard.ts
[2026-03-04T15:23:08.504Z] REQ: GET /src/components/layout/AppLayout.tsx
[2026-03-04T15:23:08.516Z] REQ: GET /src/components/ui/LoadingSpinner.tsx
[2026-03-04T15:23:08.769Z] REQ: GET /src/components/ui/button.tsx
[2026-03-04T15:23:08.790Z] REQ: GET /src/hooks/use-projects.ts
[2026-03-04T15:23:09.044Z] REQ: GET /src/hooks/use-clients.ts
[2026-03-04T15:23:09.055Z] REQ: GET /src/hooks/use-companies.ts
[2026-03-04T15:23:09.303Z] REQ: GET /src/components/ui/input.tsx
[2026-03-04T15:23:09.318Z] REQ: GET /src/components/ui/dialog.tsx
[2026-03-04T15:23:09.559Z] REQ: GET /src/components/ui/select.tsx
[2026-03-04T15:23:09.576Z] REQ: GET /src/lib/uz.ts
[2026-03-04T15:23:09.823Z] REQ: GET /src/components/ui/card.tsx
[2026-03-04T15:23:09.839Z] REQ: GET /src/hooks/use-tasks.ts
[2026-03-04T15:23:10.083Z] REQ: GET /@fs/C:/Users/Firdavs/Desktop/nazorat_system_saydx-main/shared/routes.ts
[2026-03-04T15:23:10.102Z] REQ: GET /src/hooks/use-finance.ts
[2026-03-04T15:23:10.348Z] REQ: GET /src/components/ui/tabs.tsx
[2026-03-04T15:23:10.367Z] REQ: GET /src/components/ui/avatar.tsx
[2026-03-04T15:23:10.612Z] REQ: GET /src/components/ui/popover.tsx
[2026-03-04T15:23:10.868Z] REQ: GET /@fs/C:/Users/Firdavs/Desktop/nazorat_system_saydx-main/shared/schema.ts
[2026-03-04T15:23:11.717Z] REQ: GET /logo.png
[2026-03-04T15:23:11.725Z] REQ: GET /api/auth/user
[2026-03-04T15:23:12.778Z] REQ: GET /api/projects
[2026-03-04T15:23:12.806Z] REQ: GET /api/clients
[2026-03-04T15:23:13.048Z] REQ: GET /api/notifications
[2026-03-04T15:23:13.079Z] REQ: GET /api/companies
[2026-03-04T15:23:17.294Z] REQ: GET /api/tasks/my
[2026-03-04T15:24:00.353Z] REQ: GET /api/projects/2/tasks
[2026-03-04T15:24:00.387Z] REQ: GET /api/projects/2
[2026-03-04T15:25:05.829Z] REQ: POST /api/register-employee
[2026-03-04T15:33:06.825Z] REQ: GET /src/pages/Clients.tsx
[2026-03-04T15:33:06.903Z] REQ: GET /src/App.tsx
[2026-03-04T15:33:07.073Z] REQ: GET /src/pages/Projects.tsx
[2026-03-04T15:33:07.354Z] REQ: GET /src/pages/Clients.tsx
[2026-03-04T15:33:07.618Z] REQ: GET /src/App.tsx
[2026-03-04T15:33:07.669Z] REQ: GET /src/pages/Projects.tsx
[2026-03-04T15:33:07.868Z] REQ: GET /src/pages/ProjectDetails.tsx
[2026-03-04T15:33:07.929Z] REQ: GET /src/components/layout/AppLayout.tsx
[2026-03-04T15:33:08.415Z] REQ: GET /src/pages/ProjectDetails.tsx
[2026-03-04T15:33:08.626Z] REQ: GET /src/index.css
[2026-03-04T15:33:09.050Z] REQ: GET /src/components/layout/AppLayout.tsx
[2026-03-04T15:33:09.057Z] REQ: GET /src/hooks/use-auth.ts
[2026-03-04T15:33:09.311Z] REQ: GET /src/index.css
[2026-03-04T15:33:09.533Z] REQ: GET /src/pages/Dashboard.tsx
[2026-03-04T15:33:09.581Z] REQ: GET /src/hooks/use-auth.ts
[2026-03-04T15:33:09.885Z] REQ: GET /src/pages/CompletedProjects.tsx
[2026-03-04T15:33:09.891Z] REQ: GET /src/pages/Finance.tsx
[2026-03-04T15:33:10.175Z] REQ: GET /src/pages/Dashboard.tsx
[2026-03-04T15:33:10.415Z] REQ: GET /src/pages/Invoices.tsx
[2026-03-04T15:33:10.559Z] REQ: GET /src/pages/Finance.tsx
[2026-03-04T15:33:10.666Z] REQ: GET /src/pages/CompletedProjects.tsx
[2026-03-04T15:33:10.832Z] REQ: GET /src/pages/Analytics.tsx
[2026-03-04T15:33:10.932Z] REQ: GET /src/pages/Calendar.tsx
[2026-03-04T15:33:11.272Z] REQ: GET /src/pages/Invoices.tsx
[2026-03-04T15:33:11.277Z] REQ: GET /src/pages/Employees.tsx
[2026-03-04T15:33:11.525Z] REQ: GET /src/pages/Analytics.tsx
[2026-03-04T15:33:11.586Z] REQ: GET /src/pages/Calendar.tsx
[2026-03-04T15:33:11.799Z] REQ: GET /src/pages/EmployeeDetails.tsx
[2026-03-04T15:33:11.846Z] REQ: GET /src/pages/MyTasks.tsx
[2026-03-04T15:33:12.078Z] REQ: GET /src/pages/Employees.tsx
[2026-03-04T15:33:12.345Z] REQ: GET /src/pages/EmployeeDetails.tsx
[2026-03-04T15:33:12.724Z] REQ: GET /src/pages/MyTasks.tsx
[2026-03-04T15:33:13.669Z] REQ: GET /api/auth/user
[2026-03-04T15:33:15.046Z] REQ: GET /logo.png
[2026-03-04T15:33:15.981Z] REQ: GET /api/auth/user
[2026-03-04T15:34:35.070Z] REQ: GET /login
[2026-03-04T15:34:35.874Z] REQ: GET /@vite/client
[2026-03-04T15:34:36.652Z] REQ: GET /@fs/C:/Users/Firdavs/Desktop/nazorat_system_saydx-main/node_modules/vite/dist/client/env.mjs
[2026-03-04T15:34:36.979Z] REQ: GET /@react-refresh
[2026-03-04T15:34:38.475Z] REQ: GET /src/main.tsx
[2026-03-04T15:34:39.259Z] REQ: GET /src/App.tsx
[2026-03-04T15:34:39.268Z] REQ: GET /src/index.css
[2026-03-04T15:34:40.038Z] REQ: GET /src/components/ui/tooltip.tsx
[2026-03-04T15:34:40.044Z] REQ: GET /src/lib/queryClient.ts
[2026-03-04T15:34:40.293Z] REQ: GET /src/components/ui/toaster.tsx
[2026-03-04T15:34:40.351Z] REQ: GET /src/pages/Dashboard.tsx
[2026-03-04T15:34:40.555Z] REQ: GET /src/pages/not-found.tsx
[2026-03-04T15:34:40.815Z] REQ: GET /src/pages/Projects.tsx
[2026-03-04T15:34:41.099Z] REQ: GET /src/pages/CompletedProjects.tsx
[2026-03-04T15:34:41.144Z] REQ: GET /src/pages/ProjectDetails.tsx
[2026-03-04T15:34:41.386Z] REQ: GET /src/hooks/use-auth.ts
[2026-03-04T15:34:41.486Z] REQ: GET /src/pages/Finance.tsx
[2026-03-04T15:34:42.219Z] REQ: GET /src/pages/Analytics.tsx
[2026-03-04T15:34:42.355Z] REQ: GET /src/pages/Clients.tsx
[2026-03-04T15:34:42.534Z] REQ: GET /src/pages/Invoices.tsx
[2026-03-04T15:34:42.695Z] REQ: GET /src/pages/Calendar.tsx
[2026-03-04T15:34:42.861Z] REQ: GET /src/pages/Login.tsx
[2026-03-04T15:34:43.197Z] REQ: GET /src/pages/Employees.tsx
[2026-03-04T15:34:43.230Z] REQ: GET /src/pages/EmployeeDetails.tsx
[2026-03-04T15:34:43.505Z] REQ: GET /src/pages/MyTasks.tsx
[2026-03-04T15:34:43.547Z] REQ: GET /src/lib/utils.ts
[2026-03-04T15:34:43.816Z] REQ: GET /src/hooks/use-toast.ts
[2026-03-04T15:34:43.859Z] REQ: GET /src/components/ui/toast.tsx
[2026-03-04T15:34:44.153Z] REQ: GET /src/hooks/use-dashboard.ts
[2026-03-04T15:34:44.175Z] REQ: GET /src/hooks/use-currency.ts
[2026-03-04T15:34:44.416Z] REQ: GET /src/components/layout/AppLayout.tsx
[2026-03-04T15:34:44.440Z] REQ: GET /src/components/ui/LoadingSpinner.tsx
[2026-03-04T15:34:44.736Z] REQ: GET /src/components/ui/button.tsx
[2026-03-04T15:34:44.747Z] REQ: GET /src/components/ui/card.tsx
[2026-03-04T15:34:44.989Z] REQ: GET /src/hooks/use-projects.ts
[2026-03-04T15:34:45.004Z] REQ: GET /src/lib/uz.ts
[2026-03-04T15:34:45.261Z] REQ: GET /src/hooks/use-tasks.ts
[2026-03-04T15:34:45.583Z] REQ: GET /src/components/ui/input.tsx
[2026-03-04T15:34:45.661Z] REQ: GET /src/components/ui/dialog.tsx
[2026-03-04T15:34:45.894Z] REQ: GET /@fs/C:/Users/Firdavs/Desktop/nazorat_system_saydx-main/shared/routes.ts
[2026-03-04T15:34:45.974Z] REQ: GET /src/hooks/use-clients.ts
[2026-03-04T15:34:46.248Z] REQ: GET /src/hooks/use-finance.ts
[2026-03-04T15:34:46.313Z] REQ: GET /src/hooks/use-companies.ts
[2026-03-04T15:34:46.759Z] REQ: GET /src/components/ui/tabs.tsx
[2026-03-04T15:34:46.769Z] REQ: GET /src/components/ui/select.tsx
[2026-03-04T15:34:47.051Z] REQ: GET /src/components/ui/avatar.tsx
[2026-03-04T15:34:47.057Z] REQ: GET /src/components/ui/popover.tsx
[2026-03-04T15:34:47.424Z] REQ: GET /@fs/C:/Users/Firdavs/Desktop/nazorat_system_saydx-main/shared/schema.ts
[2026-03-04T15:34:48.449Z] REQ: GET /api/auth/user
[2026-03-04T15:34:48.464Z] REQ: GET /logo.png
[2026-03-04T15:34:56.018Z] REQ: GET /
[2026-03-04T15:34:56.589Z] REQ: GET /src/main.tsx
[2026-03-04T15:34:56.788Z] REQ: GET /@vite/client
[2026-03-04T15:34:56.882Z] REQ: GET /@react-refresh
[2026-03-04T15:34:57.356Z] REQ: GET /src/App.tsx
[2026-03-04T15:34:57.401Z] REQ: GET /src/index.css
[2026-03-04T15:34:57.626Z] REQ: GET /@fs/C:/Users/Firdavs/Desktop/nazorat_system_saydx-main/node_modules/vite/dist/client/env.mjs
[2026-03-04T15:34:58.160Z] REQ: GET /src/lib/queryClient.ts
[2026-03-04T15:34:58.168Z] REQ: GET /src/components/ui/toaster.tsx
[2026-03-04T15:34:58.449Z] REQ: GET /src/hooks/use-auth.ts
[2026-03-04T15:34:58.456Z] REQ: GET /src/components/ui/tooltip.tsx
[2026-03-04T15:34:58.754Z] REQ: GET /src/pages/Dashboard.tsx
[2026-03-04T15:34:58.761Z] REQ: GET /src/pages/not-found.tsx
[2026-03-04T15:34:59.036Z] REQ: GET /src/pages/Projects.tsx
[2026-03-04T15:34:59.295Z] REQ: GET /src/pages/ProjectDetails.tsx
[2026-03-04T15:34:59.307Z] REQ: GET /src/pages/CompletedProjects.tsx
[2026-03-04T15:34:59.671Z] REQ: GET /src/pages/Finance.tsx
[2026-03-04T15:34:59.869Z] REQ: GET /src/pages/Invoices.tsx
[2026-03-04T15:35:00.168Z] REQ: GET /src/pages/Analytics.tsx
[2026-03-04T15:35:00.176Z] REQ: GET /src/pages/Clients.tsx
[2026-03-04T15:35:00.474Z] REQ: GET /src/pages/Login.tsx
[2026-03-04T15:35:00.480Z] REQ: GET /src/pages/Calendar.tsx
[2026-03-04T15:35:00.803Z] REQ: GET /src/pages/Employees.tsx
[2026-03-04T15:35:00.811Z] REQ: GET /src/pages/EmployeeDetails.tsx
[2026-03-04T15:35:01.097Z] REQ: GET /src/pages/MyTasks.tsx
[2026-03-04T15:35:01.106Z] REQ: GET /src/lib/utils.ts
[2026-03-04T15:35:01.348Z] REQ: GET /src/hooks/use-currency.ts
[2026-03-04T15:35:01.364Z] REQ: GET /src/hooks/use-dashboard.ts
[2026-03-04T15:35:01.623Z] REQ: GET /src/components/layout/AppLayout.tsx
[2026-03-04T15:35:01.630Z] REQ: GET /src/components/ui/LoadingSpinner.tsx
[2026-03-04T15:35:01.908Z] REQ: GET /src/components/ui/button.tsx
[2026-03-04T15:35:01.918Z] REQ: GET /src/hooks/use-projects.ts
[2026-03-04T15:35:02.158Z] REQ: GET /src/hooks/use-clients.ts
[2026-03-04T15:35:02.169Z] REQ: GET /src/hooks/use-companies.ts
[2026-03-04T15:35:02.411Z] REQ: GET /src/components/ui/dialog.tsx
[2026-03-04T15:35:02.438Z] REQ: GET /src/components/ui/input.tsx
[2026-03-04T15:35:02.693Z] REQ: GET /src/components/ui/select.tsx
[2026-03-04T15:35:02.704Z] REQ: GET /src/lib/uz.ts
[2026-03-04T15:35:02.943Z] REQ: GET /src/hooks/use-tasks.ts
[2026-03-04T15:35:02.976Z] REQ: GET /@fs/C:/Users/Firdavs/Desktop/nazorat_system_saydx-main/shared/routes.ts
[2026-03-04T15:35:03.241Z] REQ: GET /src/hooks/use-finance.ts
[2026-03-04T15:35:03.262Z] REQ: GET /src/hooks/use-toast.ts
[2026-03-04T15:35:03.496Z] REQ: GET /src/components/ui/toast.tsx
[2026-03-04T15:35:03.587Z] REQ: GET /src/components/ui/card.tsx
[2026-03-04T15:35:03.843Z] REQ: GET /src/components/ui/tabs.tsx
[2026-03-04T15:35:03.873Z] REQ: GET /src/components/ui/avatar.tsx
[2026-03-04T15:35:04.113Z] REQ: GET /src/components/ui/popover.tsx
[2026-03-04T15:35:04.129Z] REQ: GET /@fs/C:/Users/Firdavs/Desktop/nazorat_system_saydx-main/shared/schema.ts
[2026-03-04T15:35:04.984Z] REQ: GET /api/auth/user
[2026-03-04T15:35:05.004Z] REQ: GET /logo.png
[2026-03-04T15:35:06.128Z] REQ: GET /api/auth/user
[2026-03-04T15:35:06.141Z] REQ: GET /api/dashboard/stats
[2026-03-04T15:35:06.376Z] REQ: GET /api/currency-rate
[2026-03-04T15:35:06.390Z] REQ: GET /api/notifications
[2026-03-04T15:35:10.854Z] REQ: GET /api/auth/user
[2026-03-04T15:35:10.867Z] REQ: GET /api/companies
[2026-03-04T15:35:11.120Z] REQ: GET /api/clients
[2026-03-04T15:35:11.133Z] REQ: GET /api/projects
[2026-03-04T15:35:13.590Z] REQ: GET /api/auth/user
[2026-03-04T15:35:13.608Z] REQ: GET /api/employees
[2026-03-04T15:35:39.918Z] REQ: POST /api/register-employee
[2026-03-04T15:35:41.380Z] REQ: GET /api/employees
[2026-03-04T15:37:09.082Z] REQ: POST /api/register-employee
[2026-03-04T15:37:10.777Z] REQ: GET /api/employees
[2026-03-04T15:37:15.238Z] REQ: GET /api/auth/user
[2026-03-04T15:37:19.452Z] REQ: GET /api/auth/user
[2026-03-04T15:37:20.820Z] REQ: GET /api/projects/3
[2026-03-04T15:37:24.188Z] REQ: GET /api/projects/3/tasks
[2026-03-04T15:37:40.405Z] REQ: GET /logo.png
[2026-03-04T15:38:03.039Z] REQ: POST /api/projects/3/tasks
[2026-03-04T15:38:04.078Z] REQ: GET /api/projects/3/tasks
[2026-03-04T15:38:16.775Z] REQ: GET /api/auth/user
[2026-03-04T15:38:17.026Z] REQ: GET /api/employees/8361ea04-e2cf-41de-9afa-e8a0b12601e2/tasks
[2026-03-04T15:38:17.848Z] REQ: GET /api/employees/8361ea04-e2cf-41de-9afa-e8a0b12601e2
[2026-03-04T15:38:33.888Z] REQ: GET /api/auth/user
[2026-03-04T15:38:35.778Z] REQ: GET /api/tasks/my
[2026-03-04T15:38:41.135Z] REQ: GET /api/auth/user
[2026-03-04T15:38:41.749Z] REQ: GET /api/invoices
[2026-03-04T15:38:43.181Z] REQ: GET /api/settings/invoice
[2026-03-04T15:39:00.042Z] REQ: POST /api/invoices/3/generate-pdf
[2026-03-04T15:39:16.815Z] REQ: GET /LOGO2.png
[2026-03-04T15:39:16.850Z] REQ: GET /imzo.PNG
[2026-03-04T15:39:34.181Z] REQ: GET /api/invoices/3/pdf
[2026-03-04T15:40:14.103Z] REQ: POST /api/invoices/2/generate-pdf
[2026-03-04T15:40:19.552Z] REQ: GET /LOGO2.png
[2026-03-04T15:40:19.557Z] REQ: GET /imzo.PNG
[2026-03-04T15:40:26.004Z] REQ: GET /api/invoices/2/pdf
[2026-03-04T15:41:12.375Z] REQ: POST /api/invoices/4/generate-pdf
[2026-03-04T15:41:16.730Z] REQ: GET /LOGO2.png
[2026-03-04T15:41:16.735Z] REQ: GET /imzo.PNG
[2026-03-04T15:41:24.999Z] REQ: GET /api/invoices/4/pdf
[2026-03-04T15:42:29.669Z] REQ: GET /api/invoices/next-number
[2026-03-04T15:46:43.929Z] REQ: GET /api/dashboard/stats
[2026-03-04T15:46:43.951Z] REQ: GET /api/auth/user
[2026-03-04T15:46:44.236Z] REQ: GET /api/currency-rate
[2026-03-04T15:47:06.629Z] REQ: GET /api/auth/user
[2026-03-04T15:57:13.519Z] REQ: GET /api/invoices/next-number
[2026-03-04T16:00:59.386Z] REQ: POST /api/invoices
[2026-03-04T16:01:00.969Z] REQ: POST /api/invoices/5/items
[2026-03-04T16:01:03.844Z] REQ: GET /api/invoices
[2026-03-04T16:01:09.772Z] REQ: POST /api/invoices/5/generate-pdf
[2026-03-04T16:01:13.968Z] REQ: GET /LOGO2.png
[2026-03-04T16:01:13.979Z] REQ: GET /imzo.PNG
[2026-03-04T16:01:21.662Z] REQ: GET /api/invoices/5/pdf
[2026-03-04T16:10:12.298Z] REQ: GET /src/pages/Invoices.tsx
[2026-03-04T16:10:12.470Z] REQ: GET /src/index.css
[2026-03-04T16:11:04.479Z] REQ: GET /
[2026-03-04T16:11:05.529Z] REQ: GET /@react-refresh
[2026-03-04T16:11:06.294Z] REQ: GET /src/main.tsx
[2026-03-04T16:11:07.337Z] REQ: GET /src/index.css
[2026-03-04T16:11:07.707Z] REQ: GET /src/App.tsx
[2026-03-04T16:11:08.750Z] REQ: GET /src/pages/Dashboard.tsx
[2026-03-04T16:11:09.040Z] REQ: GET /src/hooks/use-auth.ts
[2026-03-04T16:11:09.124Z] REQ: GET /@vite/client
[2026-03-04T16:11:09.343Z] REQ: GET /src/pages/Projects.tsx
[2026-03-04T16:11:09.716Z] REQ: GET /src/pages/Finance.tsx
[2026-03-04T16:11:10.045Z] REQ: GET /src/pages/Invoices.tsx
[2026-03-04T16:11:10.210Z] REQ: GET /src/pages/Clients.tsx
[2026-03-04T16:11:10.427Z] REQ: GET /src/pages/ProjectDetails.tsx
[2026-03-04T16:11:10.593Z] REQ: GET /src/pages/CompletedProjects.tsx
[2026-03-04T16:11:10.921Z] REQ: GET /src/pages/Analytics.tsx
[2026-03-04T16:11:11.262Z] REQ: GET /src/pages/Calendar.tsx
[2026-03-04T16:11:11.369Z] REQ: GET /src/pages/Login.tsx
[2026-03-04T16:11:11.533Z] REQ: GET /src/pages/Employees.tsx
[2026-03-04T16:11:11.656Z] REQ: GET /src/pages/EmployeeDetails.tsx
[2026-03-04T16:11:11.869Z] REQ: GET /src/pages/MyTasks.tsx
[2026-03-04T16:11:12.025Z] REQ: GET /src/lib/queryClient.ts
[2026-03-04T16:11:12.318Z] REQ: GET /src/components/ui/toaster.tsx
[2026-03-04T16:11:12.466Z] REQ: GET /src/components/ui/tooltip.tsx
[2026-03-04T16:11:12.694Z] REQ: GET /src/pages/not-found.tsx
[2026-03-04T16:11:12.834Z] REQ: GET /src/components/layout/AppLayout.tsx
[2026-03-04T16:11:13.499Z] REQ: GET /src/hooks/use-dashboard.ts
[2026-03-04T16:11:14.024Z] REQ: GET /src/hooks/use-currency.ts
[2026-03-04T16:11:14.079Z] REQ: GET /src/components/ui/LoadingSpinner.tsx
[2026-03-04T16:11:14.437Z] REQ: GET /src/components/ui/button.tsx
[2026-03-04T16:11:14.496Z] REQ: GET /@fs/C:/Users/Firdavs/Desktop/nazorat_system_saydx-main/node_modules/vite/dist/client/env.mjs
[2026-03-04T16:11:15.586Z] REQ: GET /@fs/C:/Users/Firdavs/Desktop/nazorat_system_saydx-main/shared/routes.ts
[2026-03-04T16:11:15.600Z] REQ: GET /src/hooks/use-finance.ts
[2026-03-04T16:11:16.788Z] REQ: GET /src/hooks/use-projects.ts
[2026-03-04T16:11:16.798Z] REQ: GET /src/components/ui/dialog.tsx
[2026-03-04T16:11:17.772Z] REQ: GET /src/hooks/use-clients.ts
[2026-03-04T16:11:17.867Z] REQ: GET /src/components/ui/input.tsx
[2026-03-04T16:11:18.803Z] REQ: GET /src/hooks/use-companies.ts
[2026-03-04T16:11:18.817Z] REQ: GET /src/components/ui/select.tsx
[2026-03-04T16:11:19.134Z] REQ: GET /src/lib/uz.ts
[2026-03-04T16:11:19.152Z] REQ: GET /src/hooks/use-tasks.ts
[2026-03-04T16:11:19.472Z] REQ: GET /src/components/ui/tabs.tsx
[2026-03-04T16:11:19.529Z] REQ: GET /src/hooks/use-toast.ts
[2026-03-04T16:11:19.758Z] REQ: GET /src/components/ui/toast.tsx
[2026-03-04T16:11:19.849Z] REQ: GET /src/lib/utils.ts
[2026-03-04T16:11:20.208Z] REQ: GET /src/components/ui/avatar.tsx
[2026-03-04T16:11:20.252Z] REQ: GET /src/components/ui/card.tsx
[2026-03-04T16:11:20.600Z] REQ: GET /src/components/ui/popover.tsx
[2026-03-04T16:11:20.654Z] REQ: GET /@fs/C:/Users/Firdavs/Desktop/nazorat_system_saydx-main/shared/schema.ts
[2026-03-04T16:11:22.055Z] REQ: GET /logo.png
[2026-03-04T16:11:22.066Z] REQ: GET /api/auth/user
[2026-03-04T16:11:23.283Z] REQ: GET /favicon.svg
[2026-03-04T16:11:23.794Z] REQ: GET /api/notifications
[2026-03-04T16:11:23.820Z] REQ: GET /api/auth/user
[2026-03-04T16:11:24.176Z] REQ: GET /api/dashboard/stats
[2026-03-04T16:11:24.234Z] REQ: GET /api/currency-rate
[2026-03-04T16:14:13.903Z] REQ: GET /api/invoices/next-number
[2026-03-04T16:17:05.594Z] REQ: POST /api/invoices
[2026-03-04T16:17:07.246Z] REQ: POST /api/invoices/6/items
[2026-03-04T16:17:10.301Z] REQ: GET /api/invoices
[2026-03-04T16:17:40.498Z] REQ: GET /invoices
[2026-03-04T16:17:41.298Z] REQ: GET /@react-refresh
[2026-03-04T16:17:42.116Z] REQ: GET /src/main.tsx
[2026-03-04T16:17:42.994Z] REQ: GET /src/index.css
[2026-03-04T16:17:43.251Z] REQ: GET /src/App.tsx
[2026-03-04T16:17:44.015Z] REQ: GET /@vite/client
[2026-03-04T16:17:44.075Z] REQ: GET /src/lib/queryClient.ts
[2026-03-04T16:17:44.667Z] REQ: GET /src/components/ui/tooltip.tsx
[2026-03-04T16:17:44.720Z] REQ: GET /src/components/ui/toaster.tsx
[2026-03-04T16:17:45.278Z] REQ: GET /src/pages/not-found.tsx
[2026-03-04T16:17:46.038Z] REQ: GET /src/pages/Dashboard.tsx
[2026-03-04T16:17:46.282Z] REQ: GET /src/hooks/use-auth.ts
[2026-03-04T16:17:46.447Z] REQ: GET /src/pages/Projects.tsx
[2026-03-04T16:17:47.281Z] REQ: GET /src/pages/CompletedProjects.tsx
[2026-03-04T16:17:47.606Z] REQ: GET /src/pages/Finance.tsx
[2026-03-04T16:17:48.146Z] REQ: GET /src/pages/Invoices.tsx
[2026-03-04T16:17:48.464Z] REQ: GET /src/pages/Clients.tsx
[2026-03-04T16:17:48.774Z] REQ: GET /src/pages/Analytics.tsx
[2026-03-04T16:17:49.088Z] REQ: GET /src/pages/Calendar.tsx
[2026-03-04T16:17:49.564Z] REQ: GET /src/pages/Employees.tsx
[2026-03-04T16:17:49.580Z] REQ: GET /src/pages/ProjectDetails.tsx
[2026-03-04T16:17:49.876Z] REQ: GET /src/pages/Login.tsx
[2026-03-04T16:17:49.906Z] REQ: GET /src/pages/EmployeeDetails.tsx
[2026-03-04T16:17:50.190Z] REQ: GET /src/pages/MyTasks.tsx
[2026-03-04T16:17:50.576Z] REQ: GET /src/lib/utils.ts
[2026-03-04T16:17:50.783Z] REQ: GET /@fs/C:/Users/Firdavs/Desktop/nazorat_system_saydx-main/node_modules/vite/dist/client/env.mjs
[2026-03-04T16:17:50.884Z] REQ: GET /src/hooks/use-toast.ts
[2026-03-04T16:17:51.106Z] REQ: GET /src/components/ui/toast.tsx
[2026-03-04T16:17:51.198Z] REQ: GET /src/hooks/use-dashboard.ts
[2026-03-04T16:17:51.620Z] REQ: GET /src/components/layout/AppLayout.tsx
[2026-03-04T16:17:51.739Z] REQ: GET /src/hooks/use-currency.ts
[2026-03-04T16:17:52.180Z] REQ: GET /src/components/ui/LoadingSpinner.tsx
[2026-03-04T16:17:52.313Z] REQ: GET /src/components/ui/button.tsx
[2026-03-04T16:17:52.516Z] REQ: GET /src/components/ui/card.tsx
[2026-03-04T16:17:52.683Z] REQ: GET /src/hooks/use-projects.ts
[2026-03-04T16:17:52.953Z] REQ: GET /src/lib/uz.ts
[2026-03-04T16:17:53.159Z] REQ: GET /@fs/C:/Users/Firdavs/Desktop/nazorat_system_saydx-main/shared/routes.ts
[2026-03-04T16:17:53.271Z] REQ: GET /src/hooks/use-finance.ts
[2026-03-04T16:17:53.484Z] REQ: GET /src/components/ui/dialog.tsx
[2026-03-04T16:17:53.871Z] REQ: GET /src/hooks/use-clients.ts
[2026-03-04T16:17:54.024Z] REQ: GET /src/components/ui/input.tsx
[2026-03-04T16:17:54.189Z] REQ: GET /src/components/ui/select.tsx
[2026-03-04T16:17:54.380Z] REQ: GET /src/hooks/use-companies.ts
[2026-03-04T16:17:54.998Z] REQ: GET /src/components/ui/avatar.tsx
[2026-03-04T16:17:55.044Z] REQ: GET /src/components/ui/tabs.tsx
[2026-03-04T16:17:55.674Z] REQ: GET /@fs/C:/Users/Firdavs/Desktop/nazorat_system_saydx-main/shared/schema.ts
[2026-03-04T16:17:55.695Z] REQ: GET /src/components/ui/popover.tsx
[2026-03-04T16:17:56.071Z] REQ: GET /src/hooks/use-tasks.ts
[2026-03-04T16:17:57.564Z] REQ: GET /api/auth/user
[2026-03-04T16:17:57.582Z] REQ: GET /logo.png
[2026-03-04T16:17:58.610Z] REQ: GET /favicon.svg
[2026-03-04T16:17:59.024Z] REQ: GET /api/invoices
[2026-03-04T16:17:59.051Z] REQ: GET /api/projects
[2026-03-04T16:17:59.347Z] REQ: GET /api/notifications
[2026-03-04T16:17:59.386Z] REQ: GET /api/settings/invoice
[2026-03-04T16:17:59.652Z] REQ: GET /api/auth/user
[2026-03-04T16:18:15.251Z] REQ: POST /api/invoices/6/generate-pdf
[2026-03-04T16:18:18.924Z] REQ: GET /LOGO2.png
[2026-03-04T16:18:18.929Z] REQ: GET /imzo.PNG
[2026-03-04T16:18:23.024Z] REQ: GET /api/invoices/6/pdf
[2026-03-05T10:36:00.454Z] REQ: GET /
[2026-03-05T10:36:18.329Z] REQ: GET /src/main.tsx
[2026-03-05T10:36:18.766Z] REQ: GET /@react-refresh
[2026-03-05T10:36:19.516Z] REQ: GET /src/App.tsx
[2026-03-05T10:36:20.033Z] REQ: GET /src/index.css
[2026-03-05T10:36:20.174Z] REQ: GET /@vite/client
[2026-03-05T10:36:20.774Z] REQ: GET /src/lib/queryClient.ts
[2026-03-05T10:36:20.961Z] REQ: GET /src/components/ui/toaster.tsx
[2026-03-05T10:36:21.028Z] REQ: GET /src/components/ui/tooltip.tsx
[2026-03-05T10:36:21.311Z] REQ: GET /src/pages/not-found.tsx
[2026-03-05T10:36:21.601Z] REQ: GET /src/pages/Dashboard.tsx
[2026-03-05T10:36:21.884Z] REQ: GET /src/pages/ProjectDetails.tsx
[2026-03-05T10:36:22.074Z] REQ: GET /src/hooks/use-auth.ts
[2026-03-05T10:36:22.142Z] REQ: GET /src/pages/Projects.tsx
[2026-03-05T10:36:22.357Z] REQ: GET /src/pages/Finance.tsx
[2026-03-05T10:36:22.404Z] REQ: GET /src/pages/Invoices.tsx
[2026-03-05T10:36:22.658Z] REQ: GET /src/pages/Clients.tsx
[2026-03-05T10:36:22.816Z] REQ: GET /src/pages/CompletedProjects.tsx
[2026-03-05T10:36:22.928Z] REQ: GET /src/pages/Analytics.tsx
[2026-03-05T10:36:23.068Z] REQ: GET /src/pages/Calendar.tsx
[2026-03-05T10:36:23.694Z] REQ: GET /src/pages/Employees.tsx
[2026-03-05T10:36:23.710Z] REQ: GET /src/pages/Login.tsx
[2026-03-05T10:36:24.015Z] REQ: GET /src/pages/EmployeeDetails.tsx
[2026-03-05T10:36:24.082Z] REQ: GET /src/pages/MyTasks.tsx
[2026-03-05T10:36:24.864Z] REQ: GET /src/hooks/use-toast.ts
[2026-03-05T10:36:24.984Z] REQ: GET /src/lib/utils.ts
[2026-03-05T10:36:25.201Z] REQ: GET /src/components/ui/card.tsx
[2026-03-05T10:36:25.311Z] REQ: GET /src/components/ui/toast.tsx
[2026-03-05T10:36:25.694Z] REQ: GET /@fs/C:/Users/Firdavs/Desktop/nazorat_system_saydx-main/node_modules/vite/dist/client/env.mjs
[2026-03-05T10:36:25.839Z] REQ: GET /src/hooks/use-dashboard.ts
[2026-03-05T10:36:26.028Z] REQ: GET /src/hooks/use-currency.ts
[2026-03-05T10:36:26.186Z] REQ: GET /src/components/ui/button.tsx
[2026-03-05T10:36:26.296Z] REQ: GET /src/components/layout/AppLayout.tsx
[2026-03-05T10:36:26.454Z] REQ: GET /src/components/ui/LoadingSpinner.tsx
[2026-03-05T10:36:26.554Z] REQ: GET /src/hooks/use-projects.ts
[2026-03-05T10:36:26.766Z] REQ: GET /src/hooks/use-tasks.ts
[2026-03-05T10:36:26.842Z] REQ: GET /src/components/ui/dialog.tsx
[2026-03-05T10:36:27.058Z] REQ: GET /src/components/ui/input.tsx
[2026-03-05T10:36:27.092Z] REQ: GET /src/lib/uz.ts
[2026-03-05T10:36:27.359Z] REQ: GET /src/hooks/use-clients.ts
[2026-03-05T10:36:27.372Z] REQ: GET /src/hooks/use-companies.ts
[2026-03-05T10:36:27.641Z] REQ: GET /@fs/C:/Users/Firdavs/Desktop/nazorat_system_saydx-main/shared/routes.ts
[2026-03-05T10:36:27.653Z] REQ: GET /src/components/ui/select.tsx
[2026-03-05T10:36:27.890Z] REQ: GET /src/components/ui/tabs.tsx
[2026-03-05T10:36:27.967Z] REQ: GET /src/hooks/use-finance.ts
[2026-03-05T10:36:28.217Z] REQ: GET /src/components/ui/popover.tsx
[2026-03-05T10:36:28.238Z] REQ: GET /src/components/ui/avatar.tsx
[2026-03-05T10:36:28.478Z] REQ: GET /@fs/C:/Users/Firdavs/Desktop/nazorat_system_saydx-main/shared/schema.ts
[2026-03-05T10:36:29.491Z] REQ: GET /api/auth/user
[2026-03-05T10:36:29.564Z] REQ: GET /logo.png
[2026-03-05T10:36:30.635Z] REQ: GET /api/auth/user
[2026-03-05T10:36:30.662Z] REQ: GET /api/currency-rate
[2026-03-05T10:36:30.883Z] REQ: GET /api/notifications
[2026-03-05T10:36:30.926Z] REQ: GET /api/dashboard/stats
[2026-03-05T10:36:39.217Z] REQ: GET /api/auth/user
[2026-03-05T10:36:39.423Z] REQ: GET /api/settings/invoice
[2026-03-05T10:36:39.484Z] REQ: GET /api/projects
[2026-03-05T10:36:39.702Z] REQ: GET /api/invoices
[2026-03-05T10:36:52.775Z] REQ: GET /api/invoices/next-number
